<?xml version="1.0" encoding="utf-8"?><testsuites name="pytest tests"><testsuite name="pytest" errors="0" failures="0" skipped="0" tests="23" time="53.069" timestamp="2026-09-02T16:35:14.794151+00:00" hostname="agent-env-ca3820f4-ad0d-4c6c-90d8-489295fe0f73"><testcase classname="tests.test_fcm_and_razorpay_specifics" name="test_device_registration_accepts_fcm_platform_and_returns_relay_status" time="4.734" /><testcase classname="tests.test_pahel_regression" name="test_health_envelope" time="0.181" /><testcase classname="tests.test_pahel_regression" name="test_auth_send_and_verify_otp" time="2.937" /><testcase classname="tests.test_pahel_regression" name="test_auth_invalid_mobile_rejected" time="0.142" /><testcase classname="tests.test_pahel_regression" name="test_profile_emergency_contact_location_and_device" time="5.034" /><testcase classname="tests.test_fcm_and_razorpay_specifics" name="test_sos_create_exposes_push_status_and_writes_notifications_for_nearby_users" time="7.499" /><testcase classname="tests.test_pahel_regression" name="test_sos_create_returns_expected_shape_and_whatsapp_status" time="3.934" /><testcase classname="tests.test_pahel_regression" name="test_sos_location_update_owner_only_and_active_only" time="9.276" /><testcase classname="tests.test_fcm_and_razorpay_specifics" name="test_blood_request_creates_notifications_for_nearby_users" time="7.783" /><testcase classname="tests.test_fcm_and_razorpay_specifics" name="test_broadcast_writes_one_notification_per_user_and_returns_push_envelope" time="4.769" /><testcase classname="tests.test_pahel_regression" name="test_sos_websocket_requires_valid_token_and_streams_updates" time="5.767" /><testcase classname="tests.test_fcm_and_razorpay_specifics" name="test_volunteer_approve_writes_notification_for_applicant" time="4.134" /><testcase classname="tests.test_pahel_regression" name="test_blood_request_full_flow" time="7.591" /><testcase classname="tests.test_fcm_and_razorpay_specifics" name="test_donation_order_is_real_razorpay_and_hmac_signature_flow" time="4.344" /><testcase classname="tests.test_fcm_and_razorpay_specifics" name="test_subscription_order_is_real_razorpay" time="4.194" /><testcase classname="tests.test_pahel_regression" name="test_volunteer_apply_and_admin_review_flips_user_status" time="4.414" /><testcase classname="tests.test_fcm_and_razorpay_specifics" name="test_broadcast_with_fake_fcm_tokens_uses_firebase_channel_and_reports_failed" time="6.196" /><testcase classname="tests.test_pahel_regression" name="test_plans_donations_and_subscription_with_live_razorpay_secret" time="5.725" /><testcase classname="tests.test_fcm_and_razorpay_specifics" name="test_no_emergent_relay_references_in_server" time="0.000" /><testcase classname="tests.test_pahel_regression" name="test_notifications_listing" time="1.859" /><testcase classname="tests.test_pahel_regression" name="test_settings_contact_defaults_present" time="1.748" /><testcase classname="tests.test_pahel_regression" name="test_admin_login_dashboard_and_lists" time="2.240" /><testcase classname="tests.test_pahel_regression" name="test_admin_rejects_user_token" time="1.884" /></testsuite></testsuites>