<?xml version="1.0" encoding="utf-8"?><testsuites name="pytest tests"><testsuite name="pytest" errors="0" failures="0" skipped="0" tests="14" time="34.270" timestamp="2026-09-02T07:00:57.914752+00:00" hostname="agent-env-ca3820f4-ad0d-4c6c-90d8-489295fe0f73"><testcase classname="tests.test_pahel_regression" name="test_health_envelope" time="0.273" /><testcase classname="tests.test_pahel_regression" name="test_auth_send_and_verify_otp" time="1.949" /><testcase classname="tests.test_pahel_regression" name="test_auth_invalid_mobile_rejected" time="0.194" /><testcase classname="tests.test_pahel_regression" name="test_profile_emergency_contact_location_and_device" time="2.356" /><testcase classname="tests.test_pahel_regression" name="test_sos_create_returns_expected_shape_and_whatsapp_status" time="3.296" /><testcase classname="tests.test_pahel_regression" name="test_sos_location_update_owner_only_and_active_only" time="5.357" /><testcase classname="tests.test_pahel_regression" name="test_sos_websocket_requires_valid_token_and_streams_updates" time="4.215" /><testcase classname="tests.test_pahel_regression" name="test_blood_request_full_flow" time="4.066" /><testcase classname="tests.test_pahel_regression" name="test_volunteer_apply_and_admin_review_flips_user_status" time="2.370" /><testcase classname="tests.test_pahel_regression" name="test_plans_donations_and_subscription_with_live_razorpay_secret" time="2.779" /><testcase classname="tests.test_pahel_regression" name="test_notifications_listing" time="1.708" /><testcase classname="tests.test_pahel_regression" name="test_settings_contact_defaults_present" time="1.814" /><testcase classname="tests.test_pahel_regression" name="test_admin_login_dashboard_and_lists" time="1.788" /><testcase classname="tests.test_pahel_regression" name="test_admin_rejects_user_token" time="1.766" /></testsuite></testsuites>